

Microchip Technology PIC18 LITE Macro Assembler V1.42 build -159332390 
                                                                                               Sun Nov 19 18:10:49 2017

Microchip Technology Omniscient Code Generator v1.42 (Free mode) build 201704130522
     1                           	processor	18F45K80
     2                           	fnconf	rparam,??,?,0
     3                           	opt	pw 120
     4                           	opt	lm
     5                           	psect	cinit,global,reloc=2,class=CODE,delta=1
     6                           	psect	cstackCOMRAM,global,class=COMRAM,space=1,delta=1,noexec
     7                           	psect	text0,global,reloc=2,class=CODE,delta=1
     8                           	psect	text1,global,reloc=2,class=CODE,delta=1
     9                           	psect	text2,global,reloc=2,class=CODE,delta=1
    10                           	psect	text3,global,reloc=2,class=CODE,delta=1
    11                           	psect	text4,global,reloc=2,class=CODE,delta=1
    12                           	psect	text5,global,reloc=2,class=CODE,delta=1
    13                           	psect	intsave_regs,global,class=BIGRAM,space=1,delta=1,noexec
    14                           	psect	rparam,global,class=COMRAM,space=1,delta=1,noexec
    15  0000                     
    16                           ; Version 1.42
    17                           ; Generated 13/04/2017 GMT
    18                           ; 
    19                           ; Copyright © 2017, Microchip Technology Inc. and its subsidiaries ("Microchip")
    20                           ; All rights reserved.
    21                           ; 
    22                           ; This software is developed by Microchip Technology Inc. and its subsidiaries ("Microch
      +                          ip").
    23                           ; 
    24                           ; Redistribution and use in source and binary forms, with or without modification, are
    25                           ; permitted provided that the following conditions are met:
    26                           ; 
    27                           ;     1. Redistributions of source code must retain the above copyright notice, this lis
      +                          t of
    28                           ;        conditions and the following disclaimer.
    29                           ; 
    30                           ;     2. Redistributions in binary form must reproduce the above copyright notice, this 
      +                          list
    31                           ;        of conditions and the following disclaimer in the documentation and/or other
    32                           ;        materials provided with the distribution.
    33                           ; 
    34                           ;     3. Microchip's name may not be used to endorse or promote products derived from th
      +                          is
    35                           ;        software without specific prior written permission.
    36                           ; 
    37                           ; THIS SOFTWARE IS PROVIDED BY MICROCHIP "AS IS" AND ANY EXPRESS OR IMPLIED WARRANTIES,
    38                           ; INCLUDING, BUT NOT LIMITED TO, THE IMPLIED WARRANTIES OF MERCHANTABILITY AND FITNESS F
      +                          OR
    39                           ; PURPOSE ARE DISCLAIMED.  IN NO EVENT SHALL MICROCHIP BE LIABLE FOR ANY DIRECT, INDIREC
      +                          T,
    40                           ; INCIDENTAL, SPECIAL, EXEMPLARY, OR CONSEQUENTIAL DAMAGES (INCLUDING BUT NOT LIMITED TO
    41                           ; PROCUREMENT OF SUBSTITUTE GOODS OR SERVICES; LOSS OF USE, DATA OR PROFITS; OR BUSINESS
    42                           ; INTERRUPTION) HOWSOEVER CAUSED AND ON ANY THEORY OF LIABILITY, WHETHER IN CONTRACT, ST
      +                          RICT
    43                           ; LIABILITY, OR TORT (INCLUDING NEGLIGENCE OR OTHERWISE) ARISING IN ANY WAY OUT OF THE U
      +                          SE OF
    44                           ; THIS SOFTWARE, EVEN IF ADVISED OF THE POSSIBILITY OF SUCH DAMAGE.
    45                           ; 
    46                           ; 
    47                           ; Code-generator required, PIC18F45K80 Definitions
    48                           ; 
    49                           ; SFR Addresses
    50  0000                     _BRGCON3	set	3653
    51  0000                     _BRGCON2	set	3652
    52  0000                     _BRGCON1	set	3651
    53  0000                     _RXF5SIDL	set	3829
    54  0000                     _RXF5SIDH	set	3828
    55  0000                     _RXF5EIDL	set	3831
    56  0000                     _RXF5EIDH	set	3830
    57  0000                     _RXF4SIDL	set	3825
    58  0000                     _RXF4SIDH	set	3824
    59  0000                     _RXF4EIDL	set	3827
    60  0000                     _RXF4EIDH	set	3826
    61  0000                     _RXF3SIDL	set	3821
    62  0000                     _RXF3SIDH	set	3820
    63  0000                     _RXF3EIDL	set	3823
    64  0000                     _RXF3EIDH	set	3822
    65  0000                     _RXF2SIDL	set	3817
    66  0000                     _RXF2SIDH	set	3816
    67  0000                     _RXF2EIDL	set	3819
    68  0000                     _RXF2EIDH	set	3818
    69  0000                     _RXF1SIDL	set	3813
    70  0000                     _RXF1SIDH	set	3812
    71  0000                     _RXF1EIDL	set	3815
    72  0000                     _RXF1EIDH	set	3814
    73  0000                     _RXF0SIDL	set	3809
    74  0000                     _RXF0SIDH	set	3808
    75  0000                     _RXF0EIDL	set	3811
    76  0000                     _RXF0EIDH	set	3810
    77  0000                     _RXM1SIDL	set	3837
    78  0000                     _RXM1SIDH	set	3836
    79  0000                     _RXM1EIDL	set	3839
    80  0000                     _RXM1EIDH	set	3838
    81  0000                     _RXM0SIDL	set	3833
    82  0000                     _RXM0SIDH	set	3832
    83  0000                     _RXM0EIDL	set	3835
    84  0000                     _RXM0EIDH	set	3834
    85  0000                     _RXB1D7	set	3901
    86  0000                     _RXB1D6	set	3900
    87  0000                     _RXB1D5	set	3899
    88  0000                     _RXB1D4	set	3898
    89  0000                     _RXB1D3	set	3897
    90  0000                     _RXB1D2	set	3896
    91  0000                     _RXB1D1	set	3895
    92  0000                     _RXB1D0	set	3894
    93  0000                     _RXB1DLC	set	3893
    94  0000                     _RXB1SIDH	set	3889
    95  0000                     _RXB1EIDL	set	3892
    96  0000                     _RXB1EIDH	set	3891
    97  0000                     _RXB1SIDL	set	3890
    98  0000                     _RXB1CONbits	set	3888
    99  0000                     _TXB2D7	set	3853
   100  0000                     _TXB2D6	set	3852
   101  0000                     _TXB2D5	set	3851
   102  0000                     _TXB2D4	set	3850
   103  0000                     _TXB2D3	set	3849
   104  0000                     _TXB2D2	set	3848
   105  0000                     _TXB2D1	set	3847
   106  0000                     _TXB2D0	set	3846
   107  0000                     _TXB2DLC	set	3845
   108  0000                     _TXB2SIDL	set	3842
   109  0000                     _TXB2SIDH	set	3841
   110  0000                     _TXB2EIDL	set	3844
   111  0000                     _TXB2EIDH	set	3843
   112  0000                     _TXB2CONbits	set	3840
   113  0000                     _TXB1D7	set	3869
   114  0000                     _TXB1D6	set	3868
   115  0000                     _TXB1D5	set	3867
   116  0000                     _TXB1D4	set	3866
   117  0000                     _TXB1D3	set	3865
   118  0000                     _TXB1D2	set	3864
   119  0000                     _TXB1D1	set	3863
   120  0000                     _TXB1D0	set	3862
   121  0000                     _TXB1DLC	set	3861
   122  0000                     _TXB1SIDL	set	3858
   123  0000                     _TXB1SIDH	set	3857
   124  0000                     _TXB1EIDL	set	3860
   125  0000                     _TXB1EIDH	set	3859
   126  0000                     _TXB1CONbits	set	3856
   127  0000                     _TXB0D7	set	3885
   128  0000                     _TXB0D6	set	3884
   129  0000                     _TXB0D5	set	3883
   130  0000                     _TXB0D4	set	3882
   131  0000                     _TXB0D3	set	3881
   132  0000                     _TXB0D2	set	3880
   133  0000                     _TXB0D1	set	3879
   134  0000                     _TXB0D0	set	3878
   135  0000                     _TXB0DLC	set	3877
   136  0000                     _TXB0SIDL	set	3874
   137  0000                     _TXB0SIDH	set	3873
   138  0000                     _TXB0EIDL	set	3876
   139  0000                     _TXB0EIDH	set	3875
   140  0000                     _TXB0CONbits	set	3872
   141  0000                     _WPUB	set	3931
   142  0000                     _ANCON1	set	3932
   143  0000                     _ANCON0	set	3933
   144  0000                     _CIOCONbits	set	3952
   145  0000                     _COMSTATbits	set	3953
   146  0000                     _RXB0D7	set	3949
   147  0000                     _RXB0D6	set	3948
   148  0000                     _RXB0D5	set	3947
   149  0000                     _RXB0D4	set	3946
   150  0000                     _RXB0D3	set	3945
   151  0000                     _RXB0D2	set	3944
   152  0000                     _RXB0D1	set	3943
   153  0000                     _RXB0D0	set	3942
   154  0000                     _RXB0DLC	set	3941
   155  0000                     _RXB0SIDH	set	3937
   156  0000                     _RXB0EIDL	set	3940
   157  0000                     _RXB0EIDH	set	3939
   158  0000                     _RXB0SIDL	set	3938
   159  0000                     _RXB0CONbits	set	3936
   160  0000                     _PIE5bits	set	3958
   161  0000                     _PIR5bits	set	3959
   162  0000                     _ECANCON	set	3954
   163  0000                     _CANSTAT	set	3950
   164  0000                     _CANCON	set	3951
   165  0000                     _TXREG2	set	3961
   166  0000                     _RCREG2	set	3962
   167  0000                     _RCSTA2bits	set	4006
   168  0000                     _PIR3bits	set	4004
   169  0000                     _SPBRGH2	set	3964
   170  0000                     _SPBRG2	set	3963
   171  0000                     _TXSTA2	set	4026
   172  0000                     _RCSTA2	set	4006
   173  0000                     _BAUDCON2	set	4025
   174  0000                     _TRISD	set	3989
   175  0000                     _TRISC	set	3988
   176  0000                     _TRISB	set	3987
   177  0000                     _TRISA	set	3986
   178  0000                     _TRISE	set	3990
   179  0000                     _LATC	set	3979
   180  0000                     _LATB	set	3978
   181  0000                     _LATA	set	3977
   182  0000                     _LATD	set	3980
   183  0000                     _LATE	set	3981
   184  0000                     _REFOCON	set	3994
   185  0000                     _OSCTUNE	set	3995
   186  0000                     _OSCCON2	set	4050
   187  0000                     _OSCCON	set	4051
   188                           
   189                           ; #config settings
   190  0000                     
   191                           	psect	cinit
   192  007E86                     __pcinit:
   193                           	opt stack 0
   194  007E86                     start_initialization:
   195                           	opt stack 0
   196  007E86                     __initialization:
   197                           	opt stack 0
   198  007E86                     end_of_initialization:
   199                           	opt stack 0
   200  007E86                     __end_of__initialization:
   201                           	opt stack 0
   202  007E86  0100               	movlb	0
   203  007E88  EF63  F03F         	goto	_main	;jump to C main() function
   204                           
   205                           	psect	cstackCOMRAM
   206  000001                     __pcstackCOMRAM:
   207                           	opt stack 0
   208  000001                     ??_ECAN_Initialize:
   209  000001                     
   210                           ; 1 bytes @ 0x0
   211  000001                     	ds	1
   212  000002                     
   213                           ; 1 bytes @ 0x1
   214 ;;
   215 ;;Main: autosize = 0, tempsize = 0, incstack = 0, save=0
   216 ;;
   217 ;; *************** function _main *****************
   218 ;; Defined at:
   219 ;;		line 55 in file "main.c"
   220 ;; Parameters:    Size  Location     Type
   221 ;;		None
   222 ;; Auto vars:     Size  Location     Type
   223 ;;  canMessage     14    0        struct .
   224 ;; Return value:  Size  Location     Type
   225 ;;                  1    wreg      void 
   226 ;; Registers used:
   227 ;;		wreg, status,2, status,0, cstack
   228 ;; Tracked objects:
   229 ;;		On entry : 0/0
   230 ;;		On exit  : 0/0
   231 ;;		Unchanged: 0/0
   232 ;; Data sizes:     COMRAM   BANK0   BANK1   BANK2   BANK3   BANK4   BANK5   BANK6   BANK7   BANK8   BANK9  BANK10  BANK1
      +1  BANK12  BANK13  BANK14
   233 ;;      Params:         0       0       0       0       0       0       0       0       0       0       0       0       
      +0       0       0       0
   234 ;;      Locals:         0       0       0       0       0       0       0       0       0       0       0       0       
      +0       0       0       0
   235 ;;      Temps:          0       0       0       0       0       0       0       0       0       0       0       0       
      +0       0       0       0
   236 ;;      Totals:         0       0       0       0       0       0       0       0       0       0       0       0       
      +0       0       0       0
   237 ;;Total ram usage:        0 bytes
   238 ;; Hardware stack levels required when called:    2
   239 ;; This function calls:
   240 ;;		_EUSART2_Initialize
   241 ;;		_SYSTEM_Initialize
   242 ;; This function is called by:
   243 ;;		Startup code after reset
   244 ;; This function uses a non-reentrant model
   245 ;;
   246                           
   247                           	psect	text0
   248  007EC6                     __ptext0:
   249                           	opt stack 0
   250  007EC6                     _main:
   251                           	opt stack 29
   252                           
   253                           ;main.c: 57: uCAN_MSG canMessage;
   254                           ;main.c: 59: SYSTEM_Initialize();
   255                           
   256                           ;incstack = 0
   257  007EC6  EC4F  F03F         	call	_SYSTEM_Initialize	;wreg free
   258                           
   259                           ;main.c: 62: CIOCONbits.CLKSEL = 1;
   260  007ECA  8070               	bsf	3952,0,c	;volatile
   261                           
   262                           ;main.c: 63: CIOCONbits.ENDRHI = 1;
   263  007ECC  8A70               	bsf	3952,5,c	;volatile
   264                           
   265                           ;main.c: 65: RXB0CONbits.RXM0 = 1;
   266  007ECE  8A60               	bsf	3936,5,c	;volatile
   267                           
   268                           ;main.c: 66: RXB0CONbits.RXM1 = 0;
   269  007ED0  9C60               	bcf	3936,6,c	;volatile
   270                           
   271                           ;main.c: 67: RXB0CONbits.RB0DBEN = 0;
   272  007ED2  9460               	bcf	3936,2,c	;volatile
   273                           
   274                           ;main.c: 68: RXB0CONbits.FILHIT0 = 0;
   275  007ED4  9060               	bcf	3936,0,c	;volatile
   276                           
   277                           ;main.c: 70: EUSART2_Initialize();
   278  007ED6  EC58  F03F         	call	_EUSART2_Initialize	;wreg free
   279  007EDA                     l392:
   280  007EDA  D7FF               	goto	l392
   281  007EDC                     __end_of_main:
   282                           	opt stack 0
   283                           
   284 ;; *************** function _SYSTEM_Initialize *****************
   285 ;; Defined at:
   286 ;;		line 111 in file "mcc_generated_files/mcc.c"
   287 ;; Parameters:    Size  Location     Type
   288 ;;		None
   289 ;; Auto vars:     Size  Location     Type
   290 ;;		None
   291 ;; Return value:  Size  Location     Type
   292 ;;                  1    wreg      void 
   293 ;; Registers used:
   294 ;;		wreg, status,2, status,0, cstack
   295 ;; Tracked objects:
   296 ;;		On entry : 0/0
   297 ;;		On exit  : 0/0
   298 ;;		Unchanged: 0/0
   299 ;; Data sizes:     COMRAM   BANK0   BANK1   BANK2   BANK3   BANK4   BANK5   BANK6   BANK7   BANK8   BANK9  BANK10  BANK1
      +1  BANK12  BANK13  BANK14
   300 ;;      Params:         0       0       0       0       0       0       0       0       0       0       0       0       
      +0       0       0       0
   301 ;;      Locals:         0       0       0       0       0       0       0       0       0       0       0       0       
      +0       0       0       0
   302 ;;      Temps:          0       0       0       0       0       0       0       0       0       0       0       0       
      +0       0       0       0
   303 ;;      Totals:         0       0       0       0       0       0       0       0       0       0       0       0       
      +0       0       0       0
   304 ;;Total ram usage:        0 bytes
   305 ;; Hardware stack levels used:    1
   306 ;; Hardware stack levels required when called:    1
   307 ;; This function calls:
   308 ;;		_ECAN_Initialize
   309 ;;		_EUSART2_Initialize
   310 ;;		_OSCILLATOR_Initialize
   311 ;;		_PIN_MANAGER_Initialize
   312 ;; This function is called by:
   313 ;;		_main
   314 ;; This function uses a non-reentrant model
   315 ;;
   316                           
   317                           	psect	text1
   318  007E9E                     __ptext1:
   319                           	opt stack 0
   320  007E9E                     _SYSTEM_Initialize:
   321                           	opt stack 29
   322                           
   323                           ;mcc.c: 114: PIN_MANAGER_Initialize();
   324                           
   325                           ;incstack = 0
   326  007E9E  EC6E  F03F         	call	_PIN_MANAGER_Initialize	;wreg free
   327                           
   328                           ;mcc.c: 115: OSCILLATOR_Initialize();
   329  007EA2  EC46  F03F         	call	_OSCILLATOR_Initialize	;wreg free
   330                           
   331                           ;mcc.c: 116: EUSART2_Initialize();
   332  007EA6  EC58  F03F         	call	_EUSART2_Initialize	;wreg free
   333                           
   334                           ;mcc.c: 117: ECAN_Initialize();
   335  007EAA  EC89  F03F         	call	_ECAN_Initialize	;wreg free
   336  007EAE  0012               	return		;funcret
   337  007EB0                     __end_of_SYSTEM_Initialize:
   338                           	opt stack 0
   339                           
   340 ;; *************** function _PIN_MANAGER_Initialize *****************
   341 ;; Defined at:
   342 ;;		line 52 in file "mcc_generated_files/pin_manager.c"
   343 ;; Parameters:    Size  Location     Type
   344 ;;		None
   345 ;; Auto vars:     Size  Location     Type
   346 ;;		None
   347 ;; Return value:  Size  Location     Type
   348 ;;                  1    wreg      void 
   349 ;; Registers used:
   350 ;;		wreg, status,2
   351 ;; Tracked objects:
   352 ;;		On entry : 0/0
   353 ;;		On exit  : 0/0
   354 ;;		Unchanged: 0/0
   355 ;; Data sizes:     COMRAM   BANK0   BANK1   BANK2   BANK3   BANK4   BANK5   BANK6   BANK7   BANK8   BANK9  BANK10  BANK1
      +1  BANK12  BANK13  BANK14
   356 ;;      Params:         0       0       0       0       0       0       0       0       0       0       0       0       
      +0       0       0       0
   357 ;;      Locals:         0       0       0       0       0       0       0       0       0       0       0       0       
      +0       0       0       0
   358 ;;      Temps:          0       0       0       0       0       0       0       0       0       0       0       0       
      +0       0       0       0
   359 ;;      Totals:         0       0       0       0       0       0       0       0       0       0       0       0       
      +0       0       0       0
   360 ;;Total ram usage:        0 bytes
   361 ;; Hardware stack levels used:    1
   362 ;; This function calls:
   363 ;;		Nothing
   364 ;; This function is called by:
   365 ;;		_SYSTEM_Initialize
   366 ;; This function uses a non-reentrant model
   367 ;;
   368                           
   369                           	psect	text2
   370  007EDC                     __ptext2:
   371                           	opt stack 0
   372  007EDC                     _PIN_MANAGER_Initialize:
   373                           	opt stack 29
   374                           
   375                           ;pin_manager.c: 57: LATE = 0x00;
   376                           
   377                           ;incstack = 0
   378  007EDC  0E00               	movlw	0
   379  007EDE  6E8D               	movwf	3981,c	;volatile
   380                           
   381                           ;pin_manager.c: 58: LATD = 0x00;
   382  007EE0  0E00               	movlw	0
   383  007EE2  6E8C               	movwf	3980,c	;volatile
   384                           
   385                           ;pin_manager.c: 59: LATA = 0x00;
   386  007EE4  0E00               	movlw	0
   387  007EE6  6E89               	movwf	3977,c	;volatile
   388                           
   389                           ;pin_manager.c: 60: LATB = 0x03;
   390  007EE8  0E03               	movlw	3
   391  007EEA  6E8A               	movwf	3978,c	;volatile
   392                           
   393                           ;pin_manager.c: 61: LATC = 0xC0;
   394  007EEC  0EC0               	movlw	192
   395  007EEE  6E8B               	movwf	3979,c	;volatile
   396                           
   397                           ;pin_manager.c: 66: TRISE = 0x07;
   398  007EF0  0E07               	movlw	7
   399  007EF2  6E96               	movwf	3990,c	;volatile
   400                           
   401                           ;pin_manager.c: 67: TRISA = 0xEF;
   402  007EF4  0EEF               	movlw	239
   403  007EF6  6E92               	movwf	3986,c	;volatile
   404                           
   405                           ;pin_manager.c: 68: TRISB = 0xFF;
   406  007EF8  6893               	setf	3987,c	;volatile
   407                           
   408                           ;pin_manager.c: 69: TRISC = 0xBB;
   409  007EFA  0EBB               	movlw	187
   410  007EFC  6E94               	movwf	3988,c	;volatile
   411                           
   412                           ;pin_manager.c: 70: TRISD = 0xBF;
   413  007EFE  0EBF               	movlw	191
   414  007F00  6E95               	movwf	3989,c	;volatile
   415                           
   416                           ;pin_manager.c: 75: ANCON0 = 0xFF;
   417  007F02  010F               	movlb	15	; () banked
   418  007F04  695D               	setf	93,b	;volatile
   419                           
   420                           ;pin_manager.c: 76: ANCON1 = 0x7A;
   421  007F06  0E7A               	movlw	122
   422  007F08  010F               	movlb	15	; () banked
   423  007F0A  6F5C               	movwf	92,b	;volatile
   424                           
   425                           ; BSR set to: 15
   426                           ;pin_manager.c: 81: WPUB = 0xFF;
   427  007F0C  010F               	movlb	15	; () banked
   428  007F0E  695B               	setf	91,b	;volatile
   429                           
   430                           ; BSR set to: 15
   431  007F10  0012               	return		;funcret
   432  007F12                     __end_of_PIN_MANAGER_Initialize:
   433                           	opt stack 0
   434                           
   435 ;; *************** function _OSCILLATOR_Initialize *****************
   436 ;; Defined at:
   437 ;;		line 120 in file "mcc_generated_files/mcc.c"
   438 ;; Parameters:    Size  Location     Type
   439 ;;		None
   440 ;; Auto vars:     Size  Location     Type
   441 ;;		None
   442 ;; Return value:  Size  Location     Type
   443 ;;                  1    wreg      void 
   444 ;; Registers used:
   445 ;;		wreg, status,2
   446 ;; Tracked objects:
   447 ;;		On entry : 0/0
   448 ;;		On exit  : 0/0
   449 ;;		Unchanged: 0/0
   450 ;; Data sizes:     COMRAM   BANK0   BANK1   BANK2   BANK3   BANK4   BANK5   BANK6   BANK7   BANK8   BANK9  BANK10  BANK1
      +1  BANK12  BANK13  BANK14
   451 ;;      Params:         0       0       0       0       0       0       0       0       0       0       0       0       
      +0       0       0       0
   452 ;;      Locals:         0       0       0       0       0       0       0       0       0       0       0       0       
      +0       0       0       0
   453 ;;      Temps:          0       0       0       0       0       0       0       0       0       0       0       0       
      +0       0       0       0
   454 ;;      Totals:         0       0       0       0       0       0       0       0       0       0       0       0       
      +0       0       0       0
   455 ;;Total ram usage:        0 bytes
   456 ;; Hardware stack levels used:    1
   457 ;; This function calls:
   458 ;;		Nothing
   459 ;; This function is called by:
   460 ;;		_SYSTEM_Initialize
   461 ;; This function uses a non-reentrant model
   462 ;;
   463                           
   464                           	psect	text3
   465  007E8C                     __ptext3:
   466                           	opt stack 0
   467  007E8C                     _OSCILLATOR_Initialize:
   468                           	opt stack 29
   469                           
   470                           ;mcc.c: 123: OSCCON = 0x70;
   471                           
   472                           ; BSR set to: 15
   473                           ;incstack = 0
   474  007E8C  0E70               	movlw	112
   475  007E8E  6ED3               	movwf	4051,c	;volatile
   476                           
   477                           ;mcc.c: 125: OSCCON2 = 0x00;
   478  007E90  0E00               	movlw	0
   479  007E92  6ED2               	movwf	4050,c	;volatile
   480                           
   481                           ;mcc.c: 127: OSCTUNE = 0x00;
   482  007E94  0E00               	movlw	0
   483  007E96  6E9B               	movwf	3995,c	;volatile
   484                           
   485                           ;mcc.c: 129: REFOCON = 0x00;
   486  007E98  0E00               	movlw	0
   487  007E9A  6E9A               	movwf	3994,c	;volatile
   488  007E9C  0012               	return		;funcret
   489  007E9E                     __end_of_OSCILLATOR_Initialize:
   490                           	opt stack 0
   491                           
   492 ;; *************** function _EUSART2_Initialize *****************
   493 ;; Defined at:
   494 ;;		line 55 in file "mcc_generated_files/eusart2.c"
   495 ;; Parameters:    Size  Location     Type
   496 ;;		None
   497 ;; Auto vars:     Size  Location     Type
   498 ;;		None
   499 ;; Return value:  Size  Location     Type
   500 ;;                  1    wreg      void 
   501 ;; Registers used:
   502 ;;		wreg, status,2
   503 ;; Tracked objects:
   504 ;;		On entry : 0/0
   505 ;;		On exit  : 0/0
   506 ;;		Unchanged: 0/0
   507 ;; Data sizes:     COMRAM   BANK0   BANK1   BANK2   BANK3   BANK4   BANK5   BANK6   BANK7   BANK8   BANK9  BANK10  BANK1
      +1  BANK12  BANK13  BANK14
   508 ;;      Params:         0       0       0       0       0       0       0       0       0       0       0       0       
      +0       0       0       0
   509 ;;      Locals:         0       0       0       0       0       0       0       0       0       0       0       0       
      +0       0       0       0
   510 ;;      Temps:          0       0       0       0       0       0       0       0       0       0       0       0       
      +0       0       0       0
   511 ;;      Totals:         0       0       0       0       0       0       0       0       0       0       0       0       
      +0       0       0       0
   512 ;;Total ram usage:        0 bytes
   513 ;; Hardware stack levels used:    1
   514 ;; This function calls:
   515 ;;		Nothing
   516 ;; This function is called by:
   517 ;;		_SYSTEM_Initialize
   518 ;;		_main
   519 ;; This function uses a non-reentrant model
   520 ;;
   521                           
   522                           	psect	text4
   523  007EB0                     __ptext4:
   524                           	opt stack 0
   525  007EB0                     _EUSART2_Initialize:
   526                           	opt stack 29
   527                           
   528                           ;eusart2.c: 60: BAUDCON2 = 0x08;
   529                           
   530                           ;incstack = 0
   531  007EB0  0E08               	movlw	8
   532  007EB2  6EB9               	movwf	4025,c	;volatile
   533                           
   534                           ;eusart2.c: 63: RCSTA2 = 0x90;
   535  007EB4  0E90               	movlw	144
   536  007EB6  6EA6               	movwf	4006,c	;volatile
   537                           
   538                           ;eusart2.c: 66: TXSTA2 = 0x26;
   539  007EB8  0E26               	movlw	38
   540  007EBA  6EBA               	movwf	4026,c	;volatile
   541                           
   542                           ;eusart2.c: 69: SPBRG2 = 0x22;
   543  007EBC  0E22               	movlw	34
   544  007EBE  6E7B               	movwf	3963,c	;volatile
   545                           
   546                           ;eusart2.c: 72: SPBRGH2 = 0x00;
   547  007EC0  0E00               	movlw	0
   548  007EC2  6E7C               	movwf	3964,c	;volatile
   549  007EC4  0012               	return		;funcret
   550  007EC6                     __end_of_EUSART2_Initialize:
   551                           	opt stack 0
   552                           
   553 ;; *************** function _ECAN_Initialize *****************
   554 ;; Defined at:
   555 ;;		line 63 in file "mcc_generated_files/ecan.c"
   556 ;; Parameters:    Size  Location     Type
   557 ;;		None
   558 ;; Auto vars:     Size  Location     Type
   559 ;;		None
   560 ;; Return value:  Size  Location     Type
   561 ;;                  1    wreg      void 
   562 ;; Registers used:
   563 ;;		wreg, status,2, status,0
   564 ;; Tracked objects:
   565 ;;		On entry : 0/0
   566 ;;		On exit  : 0/0
   567 ;;		Unchanged: 0/0
   568 ;; Data sizes:     COMRAM   BANK0   BANK1   BANK2   BANK3   BANK4   BANK5   BANK6   BANK7   BANK8   BANK9  BANK10  BANK1
      +1  BANK12  BANK13  BANK14
   569 ;;      Params:         0       0       0       0       0       0       0       0       0       0       0       0       
      +0       0       0       0
   570 ;;      Locals:         0       0       0       0       0       0       0       0       0       0       0       0       
      +0       0       0       0
   571 ;;      Temps:          1       0       0       0       0       0       0       0       0       0       0       0       
      +0       0       0       0
   572 ;;      Totals:         1       0       0       0       0       0       0       0       0       0       0       0       
      +0       0       0       0
   573 ;;Total ram usage:        1 bytes
   574 ;; Hardware stack levels used:    1
   575 ;; This function calls:
   576 ;;		Nothing
   577 ;; This function is called by:
   578 ;;		_SYSTEM_Initialize
   579 ;; This function uses a non-reentrant model
   580 ;;
   581                           
   582                           	psect	text5
   583  007F12                     __ptext5:
   584                           	opt stack 0
   585  007F12                     _ECAN_Initialize:
   586                           	opt stack 29
   587                           
   588                           ;ecan.c: 65: CANCON = 0x80;
   589                           
   590                           ;incstack = 0
   591  007F12  0E80               	movlw	128
   592  007F14  6E6F               	movwf	3951,c	;volatile
   593  007F16                     l1036:
   594  007F16  506E               	movf	3950,w,c	;volatile
   595  007F18  0BE0               	andlw	224
   596  007F1A  0A80               	xorlw	128
   597  007F1C  A4D8               	btfss	status,2,c
   598  007F1E  D7FB               	goto	l1036
   599                           
   600                           ;ecan.c: 71: ECANCON = 0x00;
   601  007F20  0E00               	movlw	0
   602  007F22  6E72               	movwf	3954,c	;volatile
   603                           
   604                           ;ecan.c: 88: RXM0EIDH = 0x00;
   605  007F24  0E00               	movlw	0
   606  007F26  010E               	movlb	14	; () banked
   607  007F28  6FFA               	movwf	250,b	;volatile
   608                           
   609                           ;ecan.c: 89: RXM0EIDL = 0x00;
   610  007F2A  0E00               	movlw	0
   611  007F2C  010E               	movlb	14	; () banked
   612  007F2E  6FFB               	movwf	251,b	;volatile
   613                           
   614                           ;ecan.c: 90: RXM0SIDH = 0x00;
   615  007F30  0E00               	movlw	0
   616  007F32  010E               	movlb	14	; () banked
   617  007F34  6FF8               	movwf	248,b	;volatile
   618                           
   619                           ;ecan.c: 91: RXM0SIDL = 0x00;
   620  007F36  0E00               	movlw	0
   621  007F38  010E               	movlb	14	; () banked
   622  007F3A  6FF9               	movwf	249,b	;volatile
   623                           
   624                           ; BSR set to: 14
   625                           ;ecan.c: 93: RXM1EIDH = 0xFF;
   626  007F3C  010E               	movlb	14	; () banked
   627  007F3E  69FE               	setf	254,b	;volatile
   628                           
   629                           ; BSR set to: 14
   630                           ;ecan.c: 94: RXM1EIDL = 0xFF;
   631  007F40  010E               	movlb	14	; () banked
   632  007F42  69FF               	setf	255,b	;volatile
   633                           
   634                           ; BSR set to: 14
   635                           ;ecan.c: 95: RXM1SIDH = 0xFF;
   636  007F44  010E               	movlb	14	; () banked
   637  007F46  69FC               	setf	252,b	;volatile
   638                           
   639                           ; BSR set to: 14
   640                           ;ecan.c: 96: RXM1SIDL = 0xFF;
   641  007F48  010E               	movlb	14	; () banked
   642  007F4A  69FD               	setf	253,b	;volatile
   643                           
   644                           ;ecan.c: 102: RXF0EIDH = 0x00;
   645  007F4C  0E00               	movlw	0
   646  007F4E  010E               	movlb	14	; () banked
   647  007F50  6FE2               	movwf	226,b	;volatile
   648                           
   649                           ;ecan.c: 103: RXF0EIDL = 0x00;
   650  007F52  0E00               	movlw	0
   651  007F54  010E               	movlb	14	; () banked
   652  007F56  6FE3               	movwf	227,b	;volatile
   653                           
   654                           ;ecan.c: 104: RXF0SIDH = 0x88;
   655  007F58  0E88               	movlw	136
   656  007F5A  010E               	movlb	14	; () banked
   657  007F5C  6FE0               	movwf	224,b	;volatile
   658                           
   659                           ;ecan.c: 105: RXF0SIDL = 0x80;
   660  007F5E  0E80               	movlw	128
   661  007F60  010E               	movlb	14	; () banked
   662  007F62  6FE1               	movwf	225,b	;volatile
   663                           
   664                           ;ecan.c: 107: RXF1EIDH = 0x00;
   665  007F64  0E00               	movlw	0
   666  007F66  010E               	movlb	14	; () banked
   667  007F68  6FE6               	movwf	230,b	;volatile
   668                           
   669                           ;ecan.c: 108: RXF1EIDL = 0x00;
   670  007F6A  0E00               	movlw	0
   671  007F6C  010E               	movlb	14	; () banked
   672  007F6E  6FE7               	movwf	231,b	;volatile
   673                           
   674                           ;ecan.c: 109: RXF1SIDH = 0xCC;
   675  007F70  0ECC               	movlw	204
   676  007F72  010E               	movlb	14	; () banked
   677  007F74  6FE4               	movwf	228,b	;volatile
   678                           
   679                           ;ecan.c: 110: RXF1SIDL = 0xC0;
   680  007F76  0EC0               	movlw	192
   681  007F78  010E               	movlb	14	; () banked
   682  007F7A  6FE5               	movwf	229,b	;volatile
   683                           
   684                           ;ecan.c: 112: RXF2EIDH = 0x00;
   685  007F7C  0E00               	movlw	0
   686  007F7E  010E               	movlb	14	; () banked
   687  007F80  6FEA               	movwf	234,b	;volatile
   688                           
   689                           ;ecan.c: 113: RXF2EIDL = 0x00;
   690  007F82  0E00               	movlw	0
   691  007F84  010E               	movlb	14	; () banked
   692  007F86  6FEB               	movwf	235,b	;volatile
   693                           
   694                           ;ecan.c: 114: RXF2SIDH = 0x00;
   695  007F88  0E00               	movlw	0
   696  007F8A  010E               	movlb	14	; () banked
   697  007F8C  6FE8               	movwf	232,b	;volatile
   698                           
   699                           ;ecan.c: 115: RXF2SIDL = 0x00;
   700  007F8E  0E00               	movlw	0
   701  007F90  010E               	movlb	14	; () banked
   702  007F92  6FE9               	movwf	233,b	;volatile
   703                           
   704                           ;ecan.c: 117: RXF3EIDH = 0x00;
   705  007F94  0E00               	movlw	0
   706  007F96  010E               	movlb	14	; () banked
   707  007F98  6FEE               	movwf	238,b	;volatile
   708                           
   709                           ;ecan.c: 118: RXF3EIDL = 0x00;
   710  007F9A  0E00               	movlw	0
   711  007F9C  010E               	movlb	14	; () banked
   712  007F9E  6FEF               	movwf	239,b	;volatile
   713                           
   714                           ;ecan.c: 119: RXF3SIDH = 0x00;
   715  007FA0  0E00               	movlw	0
   716  007FA2  010E               	movlb	14	; () banked
   717  007FA4  6FEC               	movwf	236,b	;volatile
   718                           
   719                           ;ecan.c: 120: RXF3SIDL = 0x00;
   720  007FA6  0E00               	movlw	0
   721  007FA8  010E               	movlb	14	; () banked
   722  007FAA  6FED               	movwf	237,b	;volatile
   723                           
   724                           ;ecan.c: 122: RXF4EIDH = 0x00;
   725  007FAC  0E00               	movlw	0
   726  007FAE  010E               	movlb	14	; () banked
   727  007FB0  6FF2               	movwf	242,b	;volatile
   728                           
   729                           ;ecan.c: 123: RXF4EIDL = 0x00;
   730  007FB2  0E00               	movlw	0
   731  007FB4  010E               	movlb	14	; () banked
   732  007FB6  6FF3               	movwf	243,b	;volatile
   733                           
   734                           ;ecan.c: 124: RXF4SIDH = 0x00;
   735  007FB8  0E00               	movlw	0
   736  007FBA  010E               	movlb	14	; () banked
   737  007FBC  6FF0               	movwf	240,b	;volatile
   738                           
   739                           ;ecan.c: 125: RXF4SIDL = 0x00;
   740  007FBE  0E00               	movlw	0
   741  007FC0  010E               	movlb	14	; () banked
   742  007FC2  6FF1               	movwf	241,b	;volatile
   743                           
   744                           ;ecan.c: 127: RXF5EIDH = 0x00;
   745  007FC4  0E00               	movlw	0
   746  007FC6  010E               	movlb	14	; () banked
   747  007FC8  6FF6               	movwf	246,b	;volatile
   748                           
   749                           ;ecan.c: 128: RXF5EIDL = 0x00;
   750  007FCA  0E00               	movlw	0
   751  007FCC  010E               	movlb	14	; () banked
   752  007FCE  6FF7               	movwf	247,b	;volatile
   753                           
   754                           ;ecan.c: 129: RXF5SIDH = 0x00;
   755  007FD0  0E00               	movlw	0
   756  007FD2  010E               	movlb	14	; () banked
   757  007FD4  6FF4               	movwf	244,b	;volatile
   758                           
   759                           ;ecan.c: 130: RXF5SIDL = 0x00;
   760  007FD6  0E00               	movlw	0
   761  007FD8  010E               	movlb	14	; () banked
   762  007FDA  6FF5               	movwf	245,b	;volatile
   763                           
   764                           ;ecan.c: 145: BRGCON1 = 0x00;
   765  007FDC  0E00               	movlw	0
   766  007FDE  010E               	movlb	14	; () banked
   767  007FE0  6F43               	movwf	67,b	;volatile
   768                           
   769                           ;ecan.c: 146: BRGCON2 = 0x98;
   770  007FE2  0E98               	movlw	152
   771  007FE4  010E               	movlb	14	; () banked
   772  007FE6  6F44               	movwf	68,b	;volatile
   773                           
   774                           ;ecan.c: 147: BRGCON3 = 0x01;
   775  007FE8  0E01               	movlw	1
   776  007FEA  010E               	movlb	14	; () banked
   777  007FEC  6F45               	movwf	69,b	;volatile
   778                           
   779                           ;ecan.c: 149: CANCON = 0x00;
   780  007FEE  0E00               	movlw	0
   781  007FF0  6E6F               	movwf	3951,c	;volatile
   782  007FF2                     l1048:
   783  007FF2  CF6E F001          	movff	3950,??_ECAN_Initialize	;volatile
   784  007FF6  0EE0               	movlw	224
   785  007FF8  1601               	andwf	??_ECAN_Initialize,f,c
   786  007FFA  B4D8               	btfsc	status,2,c
   787  007FFC  0012               	return	
   788  007FFE  D7F9               	goto	l1048
   789  008000                     __end_of_ECAN_Initialize:
   790                           	opt stack 0
   791  0000                     status	equ	0xFD8
   792                           status	equ	0xFD8
   793                           
   794                           	psect	rparam
   795  0000                     status	equ	0xFD8


Data Sizes:
    Strings     0
    Constant    0
    Data        0
    BSS         0
    Persistent  0
    Stack       0

Auto Spaces:
    Space          Size  Autos    Used
    COMRAM           95      1       1
    BANK0           160      0       0
    BANK1           256      0       0
    BANK2           256      0       0
    BANK3           256      0       0
    BANK4           256      0       0
    BANK5           256      0       0
    BANK6           256      0       0
    BANK7           256      0       0
    BANK8           256      0       0
    BANK9           256      0       0
    BANK10          256      0       0
    BANK11          256      0       0
    BANK12          256      0       0
    BANK13          256      0       0
    BANK14           65      0       0

Pointer List with Targets:

    None.

Critical Paths under _main in COMRAM

    _SYSTEM_Initialize->_ECAN_Initialize

Critical Paths under _main in BANK0

    None.

Critical Paths under _main in BANK1

    None.

Critical Paths under _main in BANK2

    None.

Critical Paths under _main in BANK3

    None.

Critical Paths under _main in BANK4

    None.

Critical Paths under _main in BANK5

    None.

Critical Paths under _main in BANK6

    None.

Critical Paths under _main in BANK7

    None.

Critical Paths under _main in BANK8

    None.

Critical Paths under _main in BANK9

    None.

Critical Paths under _main in BANK10

    None.

Critical Paths under _main in BANK11

    None.

Critical Paths under _main in BANK12

    None.

Critical Paths under _main in BANK13

    None.

Critical Paths under _main in BANK14

    None.

Call Graph Tables:

 ---------------------------------------------------------------------------------
 (Depth) Function   	        Calls       Base Space   Used Autos Params    Refs
 ---------------------------------------------------------------------------------
 (0) _main                                                14    14      0       0
                 _EUSART2_Initialize
                  _SYSTEM_Initialize
 ---------------------------------------------------------------------------------
 (1) _SYSTEM_Initialize                                    0     0      0       0
                    _ECAN_Initialize
                 _EUSART2_Initialize
              _OSCILLATOR_Initialize
             _PIN_MANAGER_Initialize
 ---------------------------------------------------------------------------------
 (2) _PIN_MANAGER_Initialize                               0     0      0       0
 ---------------------------------------------------------------------------------
 (2) _OSCILLATOR_Initialize                                0     0      0       0
 ---------------------------------------------------------------------------------
 (2) _EUSART2_Initialize                                   0     0      0       0
 ---------------------------------------------------------------------------------
 (2) _ECAN_Initialize                                      1     1      0       0
                                              0 COMRAM     1     1      0
 ---------------------------------------------------------------------------------
 Estimated maximum stack depth 2
 ---------------------------------------------------------------------------------

 Call Graph Graphs:

 _main (ROOT)
   _EUSART2_Initialize
   _SYSTEM_Initialize
     _ECAN_Initialize
     _EUSART2_Initialize
     _OSCILLATOR_Initialize
     _PIN_MANAGER_Initialize

 Address spaces:
Name               Size   Autos  Total    Cost      Usage
BITCOMRAM           5F      0       0       0        0.0%
EEDATA             400      0       0       0        0.0%
NULL                 0      0       0       0        0.0%
CODE                 0      0       0       0        0.0%
COMRAM              5F      1       1       1        1.1%
STACK                0      0       0       2        0.0%
DATA                 0      0       0       3        0.0%
BITBANK0            A0      0       0       4        0.0%
BANK0               A0      0       0       5        0.0%
ABS                  0      0       0       6        0.0%
BITBANK1           100      0       0       7        0.0%
BANK1              100      0       0       8        0.0%
BITBANK2           100      0       0       9        0.0%
BANK2              100      0       0      10        0.0%
BITBANK3           100      0       0      11        0.0%
BANK3              100      0       0      12        0.0%
BITBANK4           100      0       0      13        0.0%
BANK4              100      0       0      14        0.0%
BITBANK5           100      0       0      15        0.0%
BANK5              100      0       0      16        0.0%
BITBANK6           100      0       0      17        0.0%
BANK6              100      0       0      18        0.0%
BITBANK7           100      0       0      19        0.0%
BANK7              100      0       0      20        0.0%
BITBANK8           100      0       0      21        0.0%
BANK8              100      0       0      22        0.0%
BITBANK9           100      0       0      23        0.0%
BANK9              100      0       0      24        0.0%
BITBANK10          100      0       0      25        0.0%
BANK10             100      0       0      26        0.0%
BITBANK11          100      0       0      27        0.0%
BANK11             100      0       0      28        0.0%
BITBANK12          100      0       0      29        0.0%
BANK12             100      0       0      30        0.0%
BITBANK13          100      0       0      31        0.0%
BANK13             100      0       0      32        0.0%
BITBANK14           41      0       0      33        0.0%
BANK14              41      0       0      34        0.0%
BIGRAM             E40      0       0      35        0.0%
BITSFR_2             0      0       0     200        0.0%
SFR_2                0      0       0     200        0.0%
BITSFR_1             0      0       0     200        0.0%
SFR_1                0      0       0     200        0.0%
BITSFR               0      0       0     200        0.0%
SFR                  0      0       0     200        0.0%


Microchip Technology PIC18 Macro Assembler V1.42 build -159332390 
Symbol Table                                                                                   Sun Nov 19 18:10:49 2017

       __size_of_ECAN_Initialize 00EE                      __CFG_BORV$3 000000  
                   __CFG_CP0$OFF 000000                     __CFG_CP1$OFF 000000  
                   __CFG_CP2$OFF 000000                     __CFG_CP3$OFF 000000  
                            l392 7EDA                     __CFG_CPB$OFF 000000  
                   __CFG_CPD$OFF 000000                             l1036 7F16  
                           l1048 7FF2                             _LATA 000F89  
                           _LATB 000F8A                             _LATC 000F8B  
                           _LATD 000F8C                             _LATE 000F8D  
                           _WPUB 000F5B                             _main 7EC6  
                           start 0000                    __CFG_IESO$OFF 000000  
                  __CFG_MCLRE$ON 000000                     ___param_bank 000000  
 __size_of_OSCILLATOR_Initialize 0012    __end_of_OSCILLATOR_Initialize 7E9E  
                          ?_main 0001                            _TRISA 000F92  
                          _TRISB 000F93                            _TRISC 000F94  
                          _TRISD 000F95                            _TRISE 000F96  
                  __CFG_WRT0$OFF 000000                    __CFG_WRT1$OFF 000000  
                  __CFG_WRT2$OFF 000000                    __CFG_WRT3$OFF 000000  
                 __CFG_EBTR0$OFF 000000                   __CFG_FCMEN$OFF 000000  
                 __CFG_EBTR1$OFF 000000                   __CFG_EBTR2$OFF 000000  
                 __CFG_EBTR3$OFF 000000                    __CFG_WRTB$OFF 000000  
                  __CFG_WRTC$OFF 000000                    __CFG_WRTD$OFF 000000  
                 __CFG_EBTRB$OFF 000000                            status 000FD8  
                __initialization 7E86                     __end_of_main 7EDC  
                         ??_main 0002                    __activetblptr 000000  
                 __CFG_RETEN$OFF 000000                ??_ECAN_Initialize 0001  
     __end_of_EUSART2_Initialize 7EC6                           _CANCON 000F6F  
                         _ANCON0 000F5D                           _ANCON1 000F5C  
                __CFG_BBSIZ$BB2K 000000                   __CFG_WDTEN$OFF 000000  
                         _RCREG2 000F7A                           _RCSTA2 000FA6  
                         _OSCCON 000FD3                           _RXB0D0 000F66  
                         _RXB0D1 000F67                           _RXB0D2 000F68  
                         _RXB0D3 000F69                           _RXB0D4 000F6A  
                         _RXB1D0 000F36                           _RXB0D5 000F6B  
                         _RXB1D1 000F37                           _RXB0D6 000F6C  
                         _RXB1D2 000F38                           _RXB0D7 000F6D  
                         _RXB1D3 000F39                           _RXB1D4 000F3A  
                         _RXB1D5 000F3B                           _RXB1D6 000F3C  
                         _RXB1D7 000F3D                           _SPBRG2 000F7B  
                         _TXB0D0 000F26                           _TXB0D1 000F27  
                         _TXB0D2 000F28                           _TXB0D3 000F29  
                         _TXB0D4 000F2A                           _TXB1D0 000F16  
                         _TXB0D5 000F2B                           _TXB1D1 000F17  
                         _TXB0D6 000F2C                           _TXB1D2 000F18  
                         _TXB0D7 000F2D                           _TXB1D3 000F19  
                         _TXB1D4 000F1A                           _TXB2D0 000F06  
                         _TXB1D5 000F1B                           _TXB2D1 000F07  
                         _TXB1D6 000F1C                           _TXB2D2 000F08  
                         _TXB1D7 000F1D                           _TXB2D3 000F09  
                         _TXB2D4 000F0A                           _TXB2D5 000F0B  
                         _TXB2D6 000F0C                           _TXB2D7 000F0D  
                         _TXREG2 000F79                           _TXSTA2 000FBA  
                 __CFG_XINST$OFF 000000                   __CFG_STVREN$ON 000000  
              _SYSTEM_Initialize 7E9E                       __accesstop 0060  
        __end_of__initialization 7E86               ?_SYSTEM_Initialize 0001  
                  ___rparam_used 000001                   __pcstackCOMRAM 0001  
            ??_SYSTEM_Initialize 0002        __end_of_SYSTEM_Initialize 7EB0  
                __CFG_PLLCFG$OFF 000000                          _ECANCON 000F72  
                        _CANSTAT 000F6E                          _BRGCON1 000E43  
                        _BRGCON2 000E44                          _BRGCON3 000E45  
               __CFG_CANMX$PORTC 000000                          _REFOCON 000F9A  
                        _OSCCON2 000FD2                          _RXB0DLC 000F65  
                        _RXB1DLC 000F35                          _OSCTUNE 000F9B  
                        _SPBRGH2 000F7C                          _TXB0DLC 000F25  
                        _TXB1DLC 000F15                          _TXB2DLC 000F05  
                __CFG_PWRTEN$OFF 000000                          __Hparam 0000  
                        __Lparam 0000                  _ECAN_Initialize 7F12  
                        __pcinit 7E86                          __ramtop 0F00  
                        __ptext0 7EC6                          __ptext1 7E9E  
                        __ptext2 7EDC                          __ptext3 7E8C  
                        __ptext4 7EB0                          __ptext5 7F12  
          _OSCILLATOR_Initialize 7E8C         ??_PIN_MANAGER_Initialize 0001  
              __CFG_MSSPMSK$MSK7 000000       __size_of_SYSTEM_Initialize 0012  
           end_of_initialization 7E86               _EUSART2_Initialize 7EB0  
            ?_EUSART2_Initialize 0001                 __CFG_FOSC$INTIO2 000000  
           ??_EUSART2_Initialize 0001          __end_of_ECAN_Initialize 8000  
         ?_OSCILLATOR_Initialize 0001              start_initialization 7E86  
__size_of_PIN_MANAGER_Initialize 0036                 ?_ECAN_Initialize 0001  
         _PIN_MANAGER_Initialize 7EDC                         _BAUDCON2 000FB9  
                    _COMSTATbits 000F71                         _PIE5bits 000F76  
                       _PIR3bits 000FA4                         _PIR5bits 000F77  
                       _RXB0EIDH 000F63                         _RXB0EIDL 000F64  
                       _RXB1EIDH 000F33                         _RXB1EIDL 000F34  
                       _RXB0SIDH 000F61                         _RXB0SIDL 000F62  
                       _RXB1SIDH 000F31                         _RXF0EIDH 000EE2  
                       _RXB1SIDL 000F32                         _RXF0EIDL 000EE3  
                       _RXF1EIDH 000EE6                         _RXF1EIDL 000EE7  
                       _RXF2EIDH 000EEA                         _RXF2EIDL 000EEB  
                       _RXF3EIDH 000EEE                         _RXF3EIDL 000EEF  
                       _RXF4EIDH 000EF2                         _RXF4EIDL 000EF3  
                       _RXF5EIDH 000EF6                         _RXF5EIDL 000EF7  
                       _RXF0SIDH 000EE0                         _RXF0SIDL 000EE1  
                       _TXB0EIDH 000F23                         _RXF1SIDH 000EE4  
                       _TXB0EIDL 000F24                         _RXF1SIDL 000EE5  
                       _TXB1EIDH 000F13                         _RXF2SIDH 000EE8  
                       _TXB1EIDL 000F14                         _RXF2SIDL 000EE9  
                       _TXB2EIDH 000F03                         _RXF3SIDH 000EEC  
                       _TXB2EIDL 000F04                         _RXF3SIDL 000EED  
                       _RXF4SIDH 000EF0                         _RXF4SIDL 000EF1  
                       _RXF5SIDH 000EF4                         _RXF5SIDL 000EF5  
                       _RXM0EIDH 000EFA                         _RXM0EIDL 000EFB  
                       _TXB0SIDH 000F21                         _RXM1EIDH 000EFE  
                       _TXB0SIDL 000F22                         _RXM1EIDL 000EFF  
                       _TXB1SIDH 000F11                         _TXB1SIDL 000F12  
                       _TXB2SIDH 000F01                         _TXB2SIDL 000F02  
                       _RXM0SIDH 000EF8                         _RXM0SIDL 000EF9  
                       _RXM1SIDH 000EFC                         _RXM1SIDL 000EFD  
               __CFG_SOSCSEL$DIG 000000                         __Hrparam 0000  
                       __Lrparam 0000               __CFG_BOREN$SBORDIS 000000  
        ??_OSCILLATOR_Initialize 0001                       _CIOCONbits 000F70  
    __size_of_EUSART2_Initialize 0016                    __size_of_main 0016  
            __CFG_INTOSCSEL$HIGH 000000                      _RXB0CONbits 000F60  
                    _RXB1CONbits 000F30          ?_PIN_MANAGER_Initialize 0001  
                    _TXB0CONbits 000F20                       _RCSTA2bits 000FA6  
                    _TXB1CONbits 000F10                      _TXB2CONbits 000F00  
             __CFG_WDTPS$1048576 000000   __end_of_PIN_MANAGER_Initialize 7F12  
            __CFG_BORPWR$ZPBORMV 000000  
